[LOG] System::create                           : Header version = 2.01.07. Current version = 2.01.07.
[LOG] Manager::init                            : maxchannels = 256 studioflags = 00000006 flags 00000000 extradriverdata 0000000000000000.
[LOG] SystemI::init                            : Initialize version=20107 (113487), maxchannels=256, flags=0x00020000
[LOG] SystemI::setOutputInternal               : Setting output to 'FMOD WASAPI Output'
[LOG] OutputWASAPI::init                       : Mix Format (WAVEFORMATEX): wFormatTag=0xFFFE, nChannels=2, nSamplesPerSec=48000, nAvgBytesPerSec=384000, nBlockAlign=8, wBitsPerSample=32, cbSize=22.
[LOG] OutputWASAPI::init                       : Mix Format (WAVEFORMATEXTENSIBLE): wValidBitsPerSample=32, dwChannelMask=0x00000003, SubFormat=00000003-0000-0010-8000-00AA00389B71.
[LOG] OutputWASAPI::init                       : Output buffer size: 4096 samples, latency: 0.00ms, period: 10.00ms, DSP buffer: 1024 * 4
[LOG] Thread::initThread                       : Init FMOD stream thread. Affinity: 0x8000000000000003, Priority: 0xFFFF7FFB, Stack Size: 98304, Semaphore: No, Sleep Time: 10, Looping: Yes.
[LOG] Thread::initThread                       : Init FMOD mixer thread. Affinity: 0x8000000000000001, Priority: 0xFFFF7FFA, Stack Size: 81920, Semaphore: No, Sleep Time: 0, Looping: Yes.
[LOG] AsyncManager::init                       : manager 0000020AD026F048 isAsync 0 updatePeriod 0.02
[LOG] AsyncManager::init                       : done
[LOG] PlaybackSystem::init                     : 
[LOG] Thread::initThread                       : Init FMOD Studio sample load thread. Affinity: 0x8000000000000003, Priority: 0xFFFF7FFD, Stack Size: 98304, Semaphore: No, Sleep Time: 1, Looping: No.
[LOG] PlaybackSystem::init                     : done
[LOG] Thread::initThread                       : Init FMOD Studio bank load thread. Affinity: 0x8000000000000003, Priority: 0xFFFF7FFD, Stack Size: 98304, Semaphore: No, Sleep Time: 1, Looping: No.
[LOG] Manager::init                            : done.
[LOG] Manager::readBank                        : fileversion = 135, compatVersion = 132 (oldest = 44, newest = 135)
[LOG] SystemI::createSoundInternal             : Create name='', mode=0x02000202
[LOG] SystemI::createSoundInternal             : exinfo->cbsize             = 224
[LOG] SystemI::createSoundInternal             : exinfo->length             = 31924832
[LOG] SystemI::createSoundInternal             : exinfo->fileoffset         = 7520
[LOG] SystemI::createSoundInternal             : exinfo->numsubsounds       = 1
[LOG] SystemI::createSoundInternal             : exinfo->inclusionlist      = 00000045110AEFC8
[LOG] SystemI::createSoundInternal             : exinfo->inclusionlistnum   = 1
[LOG] SystemI::createSoundInternal             : exinfo->suggestedsoundtype = 5
[LOG] SystemI::createSoundInternal             : exinfo->useropen           = 00007FF9F85C7B10
[LOG] SystemI::createSoundInternal             : exinfo->userclose          = 00007FF9F85C7AE0
[LOG] SystemI::createSoundInternal             : exinfo->userread           = 00007FF9F85C7BE0
[LOG] SystemI::createSoundInternal             : exinfo->userseek           = 00007FF9F85C7CA0
[LOG] SystemI::createSoundInternal             : exinfo->fileuserdata       = 0000020ACFF415C8
[LOG] SystemI::createSoundInternal             : exinfo->initialseekpostype = 1
[LOG] SystemI::DSPCodecPoolRegister            : register codec pool for pool type 7
[LOG] SystemI::createSoundInternal             : Sample 0/1: name='555637__anuj-shrestha1__impacts', format=2, channels=2, frequency=44100, lengthbytes=302976, lengthpcm=276992, pcmblocksize=256, loopstart=0, loopend=0, mode=0x00000000, channelmask=0x00000000, channelorder=0, peakvolume=0.997101.
[LOG] SoundI::release                          :  (00000209D2CF4CF8)
[LOG] SoundI::release                          :     555637__anuj-shrestha1__impacts (0000020A1ED4AAB8)
[LOG] SystemI::createSoundInternal             : Create name='', mode=0x02000202
[LOG] SystemI::createSoundInternal             : exinfo->cbsize             = 224
[LOG] SystemI::createSoundInternal             : exinfo->length             = 31924832
[LOG] SystemI::createSoundInternal             : exinfo->fileoffset         = 7520
[LOG] SystemI::createSoundInternal             : exinfo->numsubsounds       = 1
[LOG] SystemI::createSoundInternal             : exinfo->inclusionlist      = 00000045110AEFC8
[LOG] SystemI::createSoundInternal             : exinfo->inclusionlistnum   = 1
[LOG] SystemI::createSoundInternal             : exinfo->suggestedsoundtype = 5
[LOG] SystemI::createSoundInternal             : exinfo->useropen           = 00007FF9F85C7B10
[LOG] SystemI::createSoundInternal             : exinfo->userclose          = 00007FF9F85C7AE0
[LOG] SystemI::createSoundInternal             : exinfo->userread           = 00007FF9F85C7BE0
[LOG] SystemI::createSoundInternal             : exinfo->userseek           = 00007FF9F85C7CA0
[LOG] SystemI::createSoundInternal             : exinfo->fileuserdata       = 0000020ACFF415C8
[LOG] SystemI::createSoundInternal             : exinfo->initialseekpostype = 1
[LOG] SystemI::DSPCodecPoolRegister            : register codec pool for pool type 7
[LOG] SystemI::createSoundInternal             : Sample 0/1: name='555637__anuj-shrestha1__impacts', format=2, channels=2, frequency=44100, lengthbytes=302976, lengthpcm=276992, pcmblocksize=256, loopstart=0, loopend=0, mode=0x00000000, channelmask=0x00000000, channelorder=0, peakvolume=0.997101.
[LOG] SoundI::release                          :  (00000209D2CF42E8)
[LOG] SoundI::release                          :     555637__anuj-shrestha1__impacts (0000020A1ED4B618)
[LOG] SystemI::createSoundInternal             : Create name='', mode=0x02000202
[LOG] SystemI::createSoundInternal             : exinfo->cbsize             = 224
[LOG] SystemI::createSoundInternal             : exinfo->length             = 31924832
[LOG] SystemI::createSoundInternal             : exinfo->fileoffset         = 7520
[LOG] SystemI::createSoundInternal             : exinfo->numsubsounds       = 1
[LOG] SystemI::createSoundInternal             : exinfo->inclusionlist      = 00000045110AEFC8
[LOG] SystemI::createSoundInternal             : exinfo->inclusionlistnum   = 1
[LOG] SystemI::createSoundInternal             : exinfo->suggestedsoundtype = 5
[LOG] SystemI::createSoundInternal             : exinfo->useropen           = 00007FF9F85C7B10
[LOG] SystemI::createSoundInternal             : exinfo->userclose          = 00007FF9F85C7AE0
[LOG] SystemI::createSoundInternal             : exinfo->userread           = 00007FF9F85C7BE0
[LOG] SystemI::createSoundInternal             : exinfo->userseek           = 00007FF9F85C7CA0
[LOG] SystemI::createSoundInternal             : exinfo->fileuserdata       = 0000020ACFF415C8
[LOG] SystemI::createSoundInternal             : exinfo->initialseekpostype = 1
[LOG] SystemI::DSPCodecPoolRegister            : register codec pool for pool type 7
[LOG] SystemI::createSoundInternal             : Sample 0/1: name='555637__anuj-shrestha1__impacts', format=2, channels=2, frequency=44100, lengthbytes=302976, lengthpcm=276992, pcmblocksize=256, loopstart=0, loopend=0, mode=0x00000000, channelmask=0x00000000, channelorder=0, peakvolume=0.997101.
[LOG] SoundI::release                          :  (00000209D2CF45C8)
[LOG] SoundI::release                          :     555637__anuj-shrestha1__impacts (0000020A1ED4C318)
[LOG] SystemI::createSoundInternal             : Create name='', mode=0x02000202
[LOG] SystemI::createSoundInternal             : exinfo->cbsize             = 224
[LOG] SystemI::createSoundInternal             : exinfo->length             = 31924832
[LOG] SystemI::createSoundInternal             : exinfo->fileoffset         = 7520
[LOG] SystemI::createSoundInternal             : exinfo->numsubsounds       = 1
[LOG] SystemI::createSoundInternal             : exinfo->inclusionlist      = 00000045110AEFC8
[LOG] SystemI::createSoundInternal             : exinfo->inclusionlistnum   = 1
[LOG] SystemI::createSoundInternal             : exinfo->suggestedsoundtype = 5
[LOG] SystemI::createSoundInternal             : exinfo->useropen           = 00007FF9F85C7B10
[LOG] SystemI::createSoundInternal             : exinfo->userclose          = 00007FF9F85C7AE0
[LOG] SystemI::createSoundInternal             : exinfo->userread           = 00007FF9F85C7BE0
[LOG] SystemI::createSoundInternal             : exinfo->userseek           = 00007FF9F85C7CA0
[LOG] SystemI::createSoundInternal             : exinfo->fileuserdata       = 0000020ACFF415C8
[LOG] SystemI::createSoundInternal             : exinfo->initialseekpostype = 1
[LOG] SystemI::DSPCodecPoolRegister            : register codec pool for pool type 7
[LOG] SystemI::createSoundInternal             : Sample 0/1: name='555637__anuj-shrestha1__impacts', format=2, channels=2, frequency=44100, lengthbytes=302976, lengthpcm=276992, pcmblocksize=256, loopstart=0, loopend=0, mode=0x00000000, channelmask=0x00000000, channelorder=0, peakvolume=0.997101.
[LOG] SoundI::release                          :  (00000209D2CF4B88)
[LOG] SoundI::release                          :     555637__anuj-shrestha1__impacts (0000020A1ED4BFD8)
[LOG] SystemI::createSoundInternal             : Create name='', mode=0x02000202
[LOG] SystemI::createSoundInternal             : exinfo->cbsize             = 224
[LOG] SystemI::createSoundInternal             : exinfo->length             = 31924832
[LOG] SystemI::createSoundInternal             : exinfo->fileoffset         = 7520
[LOG] SystemI::createSoundInternal             : exinfo->numsubsounds       = 1
[LOG] SystemI::createSoundInternal             : exinfo->inclusionlist      = 00000045110AEFC8
[LOG] SystemI::createSoundInternal             : exinfo->inclusionlistnum   = 1
[LOG] SystemI::createSoundInternal             : exinfo->suggestedsoundtype = 5
[LOG] SystemI::createSoundInternal             : exinfo->useropen           = 00007FF9F85C7B10
[LOG] SystemI::createSoundInternal             : exinfo->userclose          = 00007FF9F85C7AE0
[LOG] SystemI::createSoundInternal             : exinfo->userread           = 00007FF9F85C7BE0
[LOG] SystemI::createSoundInternal             : exinfo->userseek           = 00007FF9F85C7CA0
[LOG] SystemI::createSoundInternal             : exinfo->fileuserdata       = 0000020ACFF415C8
[LOG] SystemI::createSoundInternal             : exinfo->initialseekpostype = 1
[LOG] SystemI::DSPCodecPoolRegister            : register codec pool for pool type 7
[LOG] SystemI::createSoundInternal             : Sample 0/1: name='555637__anuj-shrestha1__impacts', format=2, channels=2, frequency=44100, lengthbytes=302976, lengthpcm=276992, pcmblocksize=256, loopstart=0, loopend=0, mode=0x00000000, channelmask=0x00000000, channelorder=0, peakvolume=0.997101.
[LOG] SoundI::release                          :  (00000209D2CF45C8)
[LOG] SoundI::release                          :     555637__anuj-shrestha1__impacts (0000020A1ED4C318)
[LOG] SystemI::createSoundInternal             : Create name='', mode=0x02000202
[LOG] SystemI::createSoundInternal             : exinfo->cbsize             = 224
[LOG] SystemI::createSoundInternal             : exinfo->length             = 31924832
[LOG] SystemI::createSoundInternal             : exinfo->fileoffset         = 7520
[LOG] SystemI::createSoundInternal             : exinfo->numsubsounds       = 1
[LOG] SystemI::createSoundInternal             : exinfo->inclusionlist      = 00000045110AEFC8
[LOG] SystemI::createSoundInternal             : exinfo->inclusionlistnum   = 1
[LOG] SystemI::createSoundInternal             : exinfo->suggestedsoundtype = 5
[LOG] SystemI::createSoundInternal             : exinfo->useropen           = 00007FF9F85C7B10
[LOG] SystemI::createSoundInternal             : exinfo->userclose          = 00007FF9F85C7AE0
[LOG] SystemI::createSoundInternal             : exinfo->userread           = 00007FF9F85C7BE0
[LOG] SystemI::createSoundInternal             : exinfo->userseek           = 00007FF9F85C7CA0
[LOG] SystemI::createSoundInternal             : exinfo->fileuserdata       = 0000020ACFF415C8
[LOG] SystemI::createSoundInternal             : exinfo->initialseekpostype = 1
[LOG] SystemI::DSPCodecPoolRegister            : register codec pool for pool type 7
[LOG] SystemI::createSoundInternal             : Sample 0/1: name='555637__anuj-shrestha1__impacts', format=2, channels=2, frequency=44100, lengthbytes=302976, lengthpcm=276992, pcmblocksize=256, loopstart=0, loopend=0, mode=0x00000000, channelmask=0x00000000, channelorder=0, peakvolume=0.997101.
[LOG] SoundI::release                          :  (00000209D2CF4B88)
[LOG] SoundI::release                          :     555637__anuj-shrestha1__impacts (0000020A1ED4B618)
[LOG] SystemI::createSoundInternal             : Create name='', mode=0x02000202
[LOG] SystemI::createSoundInternal             : exinfo->cbsize             = 224
[LOG] SystemI::createSoundInternal             : exinfo->length             = 31924832
[LOG] SystemI::createSoundInternal             : exinfo->fileoffset         = 7520
[LOG] SystemI::createSoundInternal             : exinfo->numsubsounds       = 1
[LOG] SystemI::createSoundInternal             : exinfo->inclusionlist      = 00000045110AEFC8
[LOG] SystemI::createSoundInternal             : exinfo->inclusionlistnum   = 1
[LOG] SystemI::createSoundInternal             : exinfo->suggestedsoundtype = 5
[LOG] SystemI::createSoundInternal             : exinfo->useropen           = 00007FF9F85C7B10
[LOG] SystemI::createSoundInternal             : exinfo->userclose          = 00007FF9F85C7AE0
[LOG] SystemI::createSoundInternal             : exinfo->userread           = 00007FF9F85C7BE0
[LOG] SystemI::createSoundInternal             : exinfo->userseek           = 00007FF9F85C7CA0
[LOG] SystemI::createSoundInternal             : exinfo->fileuserdata       = 0000020ACFF415C8
[LOG] SystemI::createSoundInternal             : exinfo->initialseekpostype = 1
[LOG] SystemI::DSPCodecPoolRegister            : register codec pool for pool type 7
[LOG] SystemI::createSoundInternal             : Sample 0/1: name='555637__anuj-shrestha1__impacts', format=2, channels=2, frequency=44100, lengthbytes=302976, lengthpcm=276992, pcmblocksize=256, loopstart=0, loopend=0, mode=0x00000000, channelmask=0x00000000, channelorder=0, peakvolume=0.997101.
[LOG] SoundI::release                          :  (00000209D2CF4B88)
[LOG] SoundI::release                          :     555637__anuj-shrestha1__impacts (0000020A1ED4B618)
[LOG] SystemI::createSoundInternal             : Create name='', mode=0x02000202
[LOG] SystemI::createSoundInternal             : exinfo->cbsize             = 224
[LOG] SystemI::createSoundInternal             : exinfo->length             = 31924832
[LOG] SystemI::createSoundInternal             : exinfo->fileoffset         = 7520
[LOG] SystemI::createSoundInternal             : exinfo->numsubsounds       = 1
[LOG] SystemI::createSoundInternal             : exinfo->inclusionlist      = 00000045110AEFC8
[LOG] SystemI::createSoundInternal             : exinfo->inclusionlistnum   = 1
[LOG] SystemI::createSoundInternal             : exinfo->suggestedsoundtype = 5
[LOG] SystemI::createSoundInternal             : exinfo->useropen           = 00007FF9F85C7B10
[LOG] SystemI::createSoundInternal             : exinfo->userclose          = 00007FF9F85C7AE0
[LOG] SystemI::createSoundInternal             : exinfo->userread           = 00007FF9F85C7BE0
[LOG] SystemI::createSoundInternal             : exinfo->userseek           = 00007FF9F85C7CA0
[LOG] SystemI::createSoundInternal             : exinfo->fileuserdata       = 0000020ACFF415C8
[LOG] SystemI::createSoundInternal             : exinfo->initialseekpostype = 1
[LOG] SystemI::DSPCodecPoolRegister            : register codec pool for pool type 7
[LOG] SystemI::createSoundInternal             : Sample 0/1: name='555637__anuj-shrestha1__impacts', format=2, channels=2, frequency=44100, lengthbytes=302976, lengthpcm=276992, pcmblocksize=256, loopstart=0, loopend=0, mode=0x00000000, channelmask=0x00000000, channelorder=0, peakvolume=0.997101.
[LOG] Manager::readBank                        : fileversion = 135, compatVersion = 132 (oldest = 44, newest = 135)
[LOG] SoundI::release                          :  (00000209D2CF45C8)
[LOG] SoundI::release                          :     555637__anuj-shrestha1__impacts (0000020A1ED4B138)
[LOG] SystemI::createSoundInternal             : Create name='', mode=0x02000202
[LOG] SystemI::createSoundInternal             : exinfo->cbsize             = 224
[LOG] SystemI::createSoundInternal             : exinfo->length             = 31924832
[LOG] SystemI::createSoundInternal             : exinfo->fileoffset         = 7520
[LOG] SystemI::createSoundInternal             : exinfo->numsubsounds       = 1
[LOG] SystemI::createSoundInternal             : exinfo->inclusionlist      = 00000045110AEFC8
[LOG] SystemI::createSoundInternal             : exinfo->inclusionlistnum   = 1
[LOG] SystemI::createSoundInternal             : exinfo->suggestedsoundtype = 5
[LOG] SystemI::createSoundInternal             : exinfo->useropen           = 00007FF9F85C7B10
[LOG] SystemI::createSoundInternal             : exinfo->userclose          = 00007FF9F85C7AE0
[LOG] SystemI::createSoundInternal             : exinfo->userread           = 00007FF9F85C7BE0
[LOG] SystemI::createSoundInternal             : exinfo->userseek           = 00007FF9F85C7CA0
[LOG] SystemI::createSoundInternal             : exinfo->fileuserdata       = 0000020ACFF415C8
[LOG] SystemI::createSoundInternal             : exinfo->initialseekpostype = 1
[LOG] SystemI::DSPCodecPoolRegister            : register codec pool for pool type 7
[LOG] SystemI::createSoundInternal             : Sample 0/1: name='555637__anuj-shrestha1__impacts', format=2, channels=2, frequency=44100, lengthbytes=302976, lengthpcm=276992, pcmblocksize=256, loopstart=0, loopend=0, mode=0x00000000, channelmask=0x00000000, channelorder=0, peakvolume=0.997101.
[LOG] SoundI::release                          :  (00000209D2CF4B88)
[LOG] SoundI::release                          :     555637__anuj-shrestha1__impacts (0000020A1ED4B138)
[LOG] SystemI::createSoundInternal             : Create name='', mode=0x02000202
[LOG] SystemI::createSoundInternal             : exinfo->cbsize             = 224
[LOG] SystemI::createSoundInternal             : exinfo->length             = 31924832
[LOG] SystemI::createSoundInternal             : exinfo->fileoffset         = 7520
[LOG] SystemI::createSoundInternal             : exinfo->numsubsounds       = 1
[LOG] SystemI::createSoundInternal             : exinfo->inclusionlist      = 00000045110AEFC8
[LOG] SystemI::createSoundInternal             : exinfo->inclusionlistnum   = 1
[LOG] SystemI::createSoundInternal             : exinfo->suggestedsoundtype = 5
[LOG] SystemI::createSoundInternal             : exinfo->useropen           = 00007FF9F85C7B10
[LOG] SystemI::createSoundInternal             : exinfo->userclose          = 00007FF9F85C7AE0
[LOG] SystemI::createSoundInternal             : exinfo->userread           = 00007FF9F85C7BE0
[LOG] SystemI::createSoundInternal             : exinfo->userseek           = 00007FF9F85C7CA0
[LOG] SystemI::createSoundInternal             : exinfo->fileuserdata       = 0000020ACFF415C8
[LOG] SystemI::createSoundInternal             : exinfo->initialseekpostype = 1
[LOG] SystemI::DSPCodecPoolRegister            : register codec pool for pool type 7
[LOG] SystemI::createSoundInternal             : Sample 0/1: name='555637__anuj-shrestha1__impacts', format=2, channels=2, frequency=44100, lengthbytes=302976, lengthpcm=276992, pcmblocksize=256, loopstart=0, loopend=0, mode=0x00000000, channelmask=0x00000000, channelorder=0, peakvolume=0.997101.
[LOG] Manager::readBank                        : fileversion = 135, compatVersion = 132 (oldest = 44, newest = 135)
[LOG] SystemI::createSoundInternal             : Create name='', mode=0x02000202
[LOG] SystemI::createSoundInternal             : exinfo->cbsize             = 224
[LOG] SystemI::createSoundInternal             : exinfo->length             = 31924832
[LOG] SystemI::createSoundInternal             : exinfo->fileoffset         = 7520
[LOG] SystemI::createSoundInternal             : exinfo->numsubsounds       = 1
[LOG] SystemI::createSoundInternal             : exinfo->inclusionlist      = 00000045110AEFC8
[LOG] SystemI::createSoundInternal             : exinfo->inclusionlistnum   = 1
[LOG] SystemI::createSoundInternal             : exinfo->suggestedsoundtype = 5
[LOG] SystemI::createSoundInternal             : exinfo->useropen           = 00007FF9F85C7B10
[LOG] SystemI::createSoundInternal             : exinfo->userclose          = 00007FF9F85C7AE0
[LOG] SystemI::createSoundInternal             : exinfo->userread           = 00007FF9F85C7BE0
[LOG] SystemI::createSoundInternal             : exinfo->userseek           = 00007FF9F85C7CA0
[LOG] SystemI::createSoundInternal             : exinfo->fileuserdata       = 0000020ACFF415C8
[LOG] SystemI::createSoundInternal             : exinfo->initialseekpostype = 1
[LOG] SystemI::DSPCodecPoolRegister            : register codec pool for pool type 7
[LOG] SystemI::createSoundInternal             : Sample 0/1: name='Untitled 1-Sci-Fi Explosion Sound Effect (320 kbps)', format=2, channels=2, frequency=192000, lengthbytes=1308160, lengthpcm=1196032, pcmblocksize=256, loopstart=0, loopend=0, mode=0x00000000, channelmask=0x00000000, channelorder=0, peakvolume=0.901166.
[LOG] SystemI::createSoundInternal             : Create name='', mode=0x02000202
[LOG] SystemI::createSoundInternal             : exinfo->cbsize             = 224
[LOG] SystemI::createSoundInternal             : exinfo->length             = 31924832
[LOG] SystemI::createSoundInternal             : exinfo->fileoffset         = 7520
[LOG] SystemI::createSoundInternal             : exinfo->numsubsounds       = 1
[LOG] SystemI::createSoundInternal             : exinfo->inclusionlist      = 00000045110AEFC8
[LOG] SystemI::createSoundInternal             : exinfo->inclusionlistnum   = 1
[LOG] SystemI::createSoundInternal             : exinfo->suggestedsoundtype = 5
[LOG] SystemI::createSoundInternal             : exinfo->useropen           = 00007FF9F85C7B10
[LOG] SystemI::createSoundInternal             : exinfo->userclose          = 00007FF9F85C7AE0
[LOG] SystemI::createSoundInternal             : exinfo->userread           = 00007FF9F85C7BE0
[LOG] SystemI::createSoundInternal             : exinfo->userseek           = 00007FF9F85C7CA0
[LOG] SystemI::createSoundInternal             : exinfo->fileuserdata       = 0000020ACFF415C8
[LOG] SystemI::createSoundInternal             : exinfo->initialseekpostype = 1
[LOG] SystemI::DSPCodecPoolRegister            : register codec pool for pool type 7
[LOG] SystemI::createSoundInternal             : Sample 0/1: name='Untitled 4-Sci-Fi Explosion Sound Effect (320 kbps)', format=2, channels=2, frequency=192000, lengthbytes=1308160, lengthpcm=1196032, pcmblocksize=256, loopstart=0, loopend=0, mode=0x00000000, channelmask=0x00000000, channelorder=0, peakvolume=1.007284.
[LOG] SystemI::createSoundInternal             : Create name='', mode=0x02000202
[LOG] SystemI::createSoundInternal             : exinfo->cbsize             = 224
[LOG] SystemI::createSoundInternal             : exinfo->length             = 31924832
[LOG] SystemI::createSoundInternal             : exinfo->fileoffset         = 7520
[LOG] SystemI::createSoundInternal             : exinfo->numsubsounds       = 1
[LOG] SystemI::createSoundInternal             : exinfo->inclusionlist      = 00000045110AEFC8
[LOG] SystemI::createSoundInternal             : exinfo->inclusionlistnum   = 1
[LOG] SystemI::createSoundInternal             : exinfo->suggestedsoundtype = 5
[LOG] SystemI::createSoundInternal             : exinfo->useropen           = 00007FF9F85C7B10
[LOG] SystemI::createSoundInternal             : exinfo->userclose          = 00007FF9F85C7AE0
[LOG] SystemI::createSoundInternal             : exinfo->userread           = 00007FF9F85C7BE0
[LOG] SystemI::createSoundInternal             : exinfo->userseek           = 00007FF9F85C7CA0
[LOG] SystemI::createSoundInternal             : exinfo->fileuserdata       = 0000020ACFF415C8
[LOG] SystemI::createSoundInternal             : exinfo->initialseekpostype = 1
[LOG] SystemI::DSPCodecPoolRegister            : register codec pool for pool type 7
[LOG] SystemI::createSoundInternal             : Sample 0/1: name='Untitled 5-Sci-Fi Explosion Sound Effect (320 kbps)', format=2, channels=2, frequency=192000, lengthbytes=1308160, lengthpcm=1196032, pcmblocksize=256, loopstart=0, loopend=0, mode=0x00000000, channelmask=0x00000000, channelorder=0, peakvolume=0.800255.
[LOG] SystemI::createSoundInternal             : Create name='', mode=0x02000202
[LOG] SystemI::createSoundInternal             : exinfo->cbsize             = 224
[LOG] SystemI::createSoundInternal             : exinfo->length             = 31924832
[LOG] SystemI::createSoundInternal             : exinfo->fileoffset         = 7520
[LOG] SystemI::createSoundInternal             : exinfo->numsubsounds       = 1
[LOG] SystemI::createSoundInternal             : exinfo->inclusionlist      = 00000045110AEFC8
[LOG] SystemI::createSoundInternal             : exinfo->inclusionlistnum   = 1
[LOG] SystemI::createSoundInternal             : exinfo->suggestedsoundtype = 5
[LOG] SystemI::createSoundInternal             : exinfo->useropen           = 00007FF9F85C7B10
[LOG] SystemI::createSoundInternal             : exinfo->userclose          = 00007FF9F85C7AE0
[LOG] SystemI::createSoundInternal             : exinfo->userread           = 00007FF9F85C7BE0
[LOG] SystemI::createSoundInternal             : exinfo->userseek           = 00007FF9F85C7CA0
[LOG] SystemI::createSoundInternal             : exinfo->fileuserdata       = 0000020ACFF415C8
[LOG] SystemI::createSoundInternal             : exinfo->initialseekpostype = 1
[LOG] SystemI::DSPCodecPoolRegister            : register codec pool for pool type 7
[LOG] SystemI::createSoundInternal             : Sample 0/1: name='Untitled 3-Sci-Fi Explosion Sound Effect (320 kbps)', format=2, channels=2, frequency=192000, lengthbytes=1308160, lengthpcm=1196032, pcmblocksize=256, loopstart=0, loopend=0, mode=0x00000000, channelmask=0x00000000, channelorder=0, peakvolume=0.939581.
[LOG] SystemI::createSoundInternal             : Create name='', mode=0x02000202
[LOG] SystemI::createSoundInternal             : exinfo->cbsize             = 224
[LOG] SystemI::createSoundInternal             : exinfo->length             = 31924832
[LOG] SystemI::createSoundInternal             : exinfo->fileoffset         = 7520
[LOG] SystemI::createSoundInternal             : exinfo->numsubsounds       = 1
[LOG] SystemI::createSoundInternal             : exinfo->inclusionlist      = 00000045110AEFC8
[LOG] SystemI::createSoundInternal             : exinfo->inclusionlistnum   = 1
[LOG] SystemI::createSoundInternal             : exinfo->suggestedsoundtype = 5
[LOG] SystemI::createSoundInternal             : exinfo->useropen           = 00007FF9F85C7B10
[LOG] SystemI::createSoundInternal             : exinfo->userclose          = 00007FF9F85C7AE0
[LOG] SystemI::createSoundInternal             : exinfo->userread           = 00007FF9F85C7BE0
[LOG] SystemI::createSoundInternal             : exinfo->userseek           = 00007FF9F85C7CA0
[LOG] SystemI::createSoundInternal             : exinfo->fileuserdata       = 0000020ACFF415C8
[LOG] SystemI::createSoundInternal             : exinfo->initialseekpostype = 1
[LOG] SystemI::DSPCodecPoolRegister            : register codec pool for pool type 7
[LOG] SystemI::createSoundInternal             : Sample 0/1: name='Untitled 2-Sci-Fi Explosion Sound Effect (320 kbps)', format=2, channels=2, frequency=192000, lengthbytes=1308160, lengthpcm=1196032, pcmblocksize=256, loopstart=0, loopend=0, mode=0x00000000, channelmask=0x00000000, channelorder=0, peakvolume=1.000875.
[LOG] SoundI::release                          : Tangerine Dream - Love On A Real Train (State Azure Cover) (0000020A25E0EC78)
[LOG] SoundI::release                          :     Tangerine Dream - Love On A Real Train (State Azure Cover) (0000020A24EC1E28)
[LOG] SoundI::release                          :     Tangerine Dream - Love On A Real Train (State Azure Cover) (0000020A25E0F4E8)
[LOG] Codec::release                           : Free PCM Buffer
[LOG] SoundI::release                          :  (00000209D2CF4178)
[LOG] SoundI::release                          :     555637__anuj-shrestha1__impacts (0000020A1ED4AAB8)
[LOG] SoundI::release                          :  (00000209D2CF42E8)
[LOG] SoundI::release                          :     Untitled 1-Sci-Fi Explosion Sound Effect (320 kbps) (0000020A1ED4B138)
[LOG] SoundI::release                          :  (00000209D2CF4E68)
[LOG] SoundI::release                          :     Untitled 2-Sci-Fi Explosion Sound Effect (320 kbps) (0000020A1ED4C318)
[LOG] SoundI::release                          :  (00000209D2CF4CF8)
[LOG] SoundI::release                          :     Untitled 3-Sci-Fi Explosion Sound Effect (320 kbps) (0000020A1ED4B618)
[LOG] SoundI::release                          :  (00000209D2CF4B88)
[LOG] SoundI::release                          :     Untitled 4-Sci-Fi Explosion Sound Effect (320 kbps) (0000020A1ED4BFD8)
[LOG] SoundI::release                          :  (00000209D2CF45C8)
[LOG] SoundI::release                          :     Untitled 5-Sci-Fi Explosion Sound Effect (320 kbps) (0000020A1ED4ADF8)
[LOG] Thread::callback                         : FMOD Studio update thread finished.
[LOG] Thread::callback                         : FMOD Studio bank load thread finished.
[LOG] Profile::disconnectAll                   : Profiler disconnecting all clients
[LOG] Thread::callback                         : FMOD Studio sample load thread finished.
[LOG] LiveUpdate::release                      : 
[LOG] LiveUpdate::reset                        : Reset connection (reason Disconnected)
[LOG] Thread::callback                         : FMOD stream thread finished.
[LOG] Thread::callback                         : FMOD mixer thread finished.
[LOG] Profile::disconnectAll                   : Profiler disconnecting all clients
[LOG] SystemI::close                           : Closed.
[LOG] Manager::readBank                        : fileversion = 135, compatVersion = 132 (oldest = 44, newest = 135)
[LOG] Manager::readBank                        : fileversion = 135, compatVersion = 132 (oldest = 44, newest = 135)
[LOG] Manager::readBank                        : fileversion = 135, compatVersion = 132 (oldest = 44, newest = 135)
[LOG] Manager::readBank                        : fileversion = 135, compatVersion = 132 (oldest = 44, newest = 135)
[LOG] Manager::readBank                        : fileversion = 135, compatVersion = 132 (oldest = 44, newest = 135)
[LOG] Manager::readBank                        : fileversion = 135, compatVersion = 132 (oldest = 44, newest = 135)
[LOG] PlaybackSystem::acquireMasterBus         : Setting master channel group format to 3
[LOG] Thread::callback                         : FMOD Studio bank load thread finished.
[LOG] Thread::callback                         : FMOD Studio sample load thread finished.
[LOG] LiveUpdate::release                      : 
[LOG] LiveUpdate::reset                        : Reset connection (reason Disconnected)
[LOG] Thread::callback                         : FMOD stream thread finished.
[LOG] Thread::callback                         : FMOD mixer thread finished.
[LOG] SystemI::close                           : Closed.
[LOG] Thread::callback                         : FMOD nonblocking thread (0) finished.
[LOG] Thread::callback                         : FMOD file thread finished.
